<?xml version="1.0" encoding="UTF-8"?>
<!-- Generated by org.testng.reporters.JUnitReportReporter -->
<testsuite skipped="0" hostname="Ankurs-MacBook-Air.local" name="TestNG.TestAnnotaion" tests="4" failures="0" timestamp="08 Aug 2017 17:11:36 GMT" time="133.204" errors="0">
  <testcase name="invalidLoginValidation" time="40.993" classname="TestNG.TestAnnotaion"/>
  <testcase name="invalidLoginValidation" time="22.910" classname="TestNG.TestAnnotaion"/>
  <testcase name="loginToApplication" time="19.098" classname="TestNG.TestAnnotaion"/>
  <testcase name="loginToApplication" time="50.203" classname="TestNG.TestAnnotaion"/>
</testsuite> <!-- TestNG.TestAnnotaion -->
