<?xml version="1.0" encoding="UTF-8"?>
<!-- Generated by org.testng.reporters.JUnitReportReporter -->
<testsuite skipped="0" hostname="Ankurs-MacBook-Air.local" name="TestNG.TestAnnotaion" tests="4" failures="0" timestamp="09 Aug 2017 16:40:53 GMT" time="106.905" errors="0">
  <testcase name="invalidLoginValidation" time="38.717" classname="TestNG.TestAnnotaion"/>
  <testcase name="invalidLoginValidation" time="11.185" classname="TestNG.TestAnnotaion"/>
  <testcase name="loginToApplication" time="20.658" classname="TestNG.TestAnnotaion"/>
  <testcase name="loginToApplication" time="36.345" classname="TestNG.TestAnnotaion"/>
</testsuite> <!-- TestNG.TestAnnotaion -->
