<?xml version="1.0" encoding="UTF-8"?>
<!-- Generated by org.testng.reporters.JUnitReportReporter -->
<testsuite skipped="0" hostname="Ankurs-MacBook-Air.local" name="TestNG.TestAnnotaion" tests="4" failures="0" timestamp="09 Aug 2017 18:42:46 GMT" time="145.956" errors="0">
  <testcase name="loginToApplication" time="41.438" classname="TestNG.TestAnnotaion"/>
  <testcase name="invalidLoginValidation" time="37.516" classname="TestNG.TestAnnotaion"/>
  <testcase name="invalidLoginValidation" time="36.101" classname="TestNG.TestAnnotaion"/>
  <testcase name="loginToApplication" time="30.901" classname="TestNG.TestAnnotaion"/>
</testsuite> <!-- TestNG.TestAnnotaion -->
